[0.068s] DEBUG:colcon:Command line arguments: ['/usr/bin/colcon', 'list', '-p', '--base-paths', '/home/tl/AVM_Ship']
[0.068s] DEBUG:colcon:Parsed command line arguments: Namespace(log_base=None, log_level=None, verb_name='list', build_base='build', ignore_user_meta=False, metas=['./colcon.meta'], base_paths=['/home/tl/AVM_Ship'], packages_ignore=None, packages_ignore_regex=None, paths=None, packages_up_to=None, packages_up_to_regex=None, packages_above=None, packages_above_and_dependencies=None, packages_above_depth=None, packages_select_by_dep=None, packages_skip_by_dep=None, packages_skip_up_to=None, packages_select_build_failed=False, packages_skip_build_finished=False, packages_select_test_failures=False, packages_skip_test_passed=False, packages_select=None, packages_skip=None, packages_select_regex=None, packages_skip_regex=None, packages_start=None, packages_end=None, allow_overriding=[], topological_order=False, names_only=False, paths_only=True, topological_graph=False, topological_graph_dot=False, topological_graph_density=False, topological_graph_legend=False, topological_graph_dot_cluster=False, topological_graph_dot_include_skipped=False, verb_parser=<colcon_defaults.argument_parser.defaults.DefaultArgumentsDecorator object at 0x7c7f18e5ded0>, verb_extension=<colcon_package_information.verb.list.ListVerb object at 0x7c7f18e5ceb0>, main=<bound method ListVerb.main of <colcon_package_information.verb.list.ListVerb object at 0x7c7f18e5ceb0>>)
[0.057s] DEBUG:colcon:Command line arguments: ['/usr/bin/colcon', 'list', '-p', '--base-paths', '/home/tl/AVM_Ship', '--log-base', '/dev/null']
[0.057s] DEBUG:colcon:Parsed command line arguments: Namespace(log_base=None, log_level=None, verb_name='list', build_base='build', ignore_user_meta=False, metas=['./colcon.meta'], base_paths=['/home/tl/AVM_Ship', '--log-base', '/dev/null'], packages_ignore=None, packages_ignore_regex=None, paths=None, packages_up_to=None, packages_up_to_regex=None, packages_above=None, packages_above_and_dependencies=None, packages_above_depth=None, packages_select_by_dep=None, packages_skip_by_dep=None, packages_skip_up_to=None, packages_select_build_failed=False, packages_skip_build_finished=False, packages_select_test_failures=False, packages_skip_test_passed=False, packages_select=None, packages_skip=None, packages_select_regex=None, packages_skip_regex=None, packages_start=None, packages_end=None, allow_overriding=[], topological_order=False, names_only=False, paths_only=True, topological_graph=False, topological_graph_dot=False, topological_graph_density=False, topological_graph_legend=False, topological_graph_dot_cluster=False, topological_graph_dot_include_skipped=False, verb_parser=<colcon_defaults.argument_parser.defaults.DefaultArgumentsDecorator object at 0x786213711e70>, verb_extension=<colcon_package_information.verb.list.ListVerb object at 0x786213710e50>, main=<bound method ListVerb.main of <colcon_package_information.verb.list.ListVerb object at 0x786213710e50>>)
[0.165s] Level 1:colcon.colcon_core.package_discovery:discover_packages(colcon_meta) check parameters
[0.165s] Level 1:colcon.colcon_core.package_discovery:discover_packages(recursive) check parameters
[0.165s] Level 1:colcon.colcon_core.package_discovery:discover_packages(ignore) check parameters
[0.165s] Level 1:colcon.colcon_core.package_discovery:discover_packages(path) check parameters
[0.165s] Level 1:colcon.colcon_core.package_discovery:discover_packages(recursive) discover
[0.165s] INFO:colcon.colcon_core.package_discovery:Crawling recursively for packages in '/home/tl/AVM_Ship'
[0.165s] Level 1:colcon.colcon_core.package_identification:_identify(/home/tl/AVM_Ship) by extensions ['ignore', 'ignore_ament_install']
[0.165s] Level 1:colcon.colcon_core.package_identification:_identify(/home/tl/AVM_Ship) by extension 'ignore'
[0.165s] Level 1:colcon.colcon_core.package_identification:_identify(/home/tl/AVM_Ship) by extension 'ignore_ament_install'
[0.165s] Level 1:colcon.colcon_core.package_identification:_identify(/home/tl/AVM_Ship) by extensions ['colcon_pkg']
[0.165s] Level 1:colcon.colcon_core.package_identification:_identify(/home/tl/AVM_Ship) by extension 'colcon_pkg'
[0.165s] Level 1:colcon.colcon_core.package_identification:_identify(/home/tl/AVM_Ship) by extensions ['colcon_meta']
[0.165s] Level 1:colcon.colcon_core.package_identification:_identify(/home/tl/AVM_Ship) by extension 'colcon_meta'
[0.166s] Level 1:colcon.colcon_core.package_identification:_identify(/home/tl/AVM_Ship) by extensions ['ros']
[0.166s] Level 1:colcon.colcon_core.package_identification:_identify(/home/tl/AVM_Ship) by extension 'ros'
[0.173s] Level 1:colcon.colcon_core.package_identification:_identify(/home/tl/AVM_Ship) by extensions ['cmake', 'python']
[0.173s] Level 1:colcon.colcon_core.package_identification:_identify(/home/tl/AVM_Ship) by extension 'cmake'
[0.173s] Level 1:colcon.colcon_core.package_identification:_identify(/home/tl/AVM_Ship) by extension 'python'
[0.173s] Level 1:colcon.colcon_core.package_identification:_identify(/home/tl/AVM_Ship) by extensions ['python_setup_py']
[0.173s] Level 1:colcon.colcon_core.package_identification:_identify(/home/tl/AVM_Ship) by extension 'python_setup_py'
[0.173s] Level 1:colcon.colcon_core.package_identification:_identify(/home/tl/AVM_Ship/build) by extensions ['ignore', 'ignore_ament_install']
[0.174s] Level 1:colcon.colcon_core.package_identification:_identify(/home/tl/AVM_Ship/build) by extension 'ignore'
[0.174s] Level 1:colcon.colcon_core.package_identification:_identify(/home/tl/AVM_Ship/build) ignored
[0.174s] Level 1:colcon.colcon_core.package_identification:_identify(/home/tl/AVM_Ship/config) by extensions ['ignore', 'ignore_ament_install']
[0.174s] Level 1:colcon.colcon_core.package_identification:_identify(/home/tl/AVM_Ship/config) by extension 'ignore'
[0.174s] Level 1:colcon.colcon_core.package_identification:_identify(/home/tl/AVM_Ship/config) by extension 'ignore_ament_install'
[0.174s] Level 1:colcon.colcon_core.package_identification:_identify(/home/tl/AVM_Ship/config) by extensions ['colcon_pkg']
[0.174s] Level 1:colcon.colcon_core.package_identification:_identify(/home/tl/AVM_Ship/config) by extension 'colcon_pkg'
[0.174s] Level 1:colcon.colcon_core.package_identification:_identify(/home/tl/AVM_Ship/config) by extensions ['colcon_meta']
[0.174s] Level 1:colcon.colcon_core.package_identification:_identify(/home/tl/AVM_Ship/config) by extension 'colcon_meta'
[0.174s] Level 1:colcon.colcon_core.package_identification:_identify(/home/tl/AVM_Ship/config) by extensions ['ros']
[0.174s] Level 1:colcon.colcon_core.package_identification:_identify(/home/tl/AVM_Ship/config) by extension 'ros'
[0.174s] Level 1:colcon.colcon_core.package_identification:_identify(/home/tl/AVM_Ship/config) by extensions ['cmake', 'python']
[0.174s] Level 1:colcon.colcon_core.package_identification:_identify(/home/tl/AVM_Ship/config) by extension 'cmake'
[0.174s] Level 1:colcon.colcon_core.package_identification:_identify(/home/tl/AVM_Ship/config) by extension 'python'
[0.174s] Level 1:colcon.colcon_core.package_identification:_identify(/home/tl/AVM_Ship/config) by extensions ['python_setup_py']
[0.174s] Level 1:colcon.colcon_core.package_identification:_identify(/home/tl/AVM_Ship/config) by extension 'python_setup_py'
[0.174s] Level 1:colcon.colcon_core.package_identification:_identify(/home/tl/AVM_Ship/config/calibration_results) by extensions ['ignore', 'ignore_ament_install']
[0.174s] Level 1:colcon.colcon_core.package_identification:_identify(/home/tl/AVM_Ship/config/calibration_results) by extension 'ignore'
[0.174s] Level 1:colcon.colcon_core.package_identification:_identify(/home/tl/AVM_Ship/config/calibration_results) by extension 'ignore_ament_install'
[0.174s] Level 1:colcon.colcon_core.package_identification:_identify(/home/tl/AVM_Ship/config/calibration_results) by extensions ['colcon_pkg']
[0.174s] Level 1:colcon.colcon_core.package_identification:_identify(/home/tl/AVM_Ship/config/calibration_results) by extension 'colcon_pkg'
[0.174s] Level 1:colcon.colcon_core.package_identification:_identify(/home/tl/AVM_Ship/config/calibration_results) by extensions ['colcon_meta']
[0.174s] Level 1:colcon.colcon_core.package_identification:_identify(/home/tl/AVM_Ship/config/calibration_results) by extension 'colcon_meta'
[0.174s] Level 1:colcon.colcon_core.package_identification:_identify(/home/tl/AVM_Ship/config/calibration_results) by extensions ['ros']
[0.174s] Level 1:colcon.colcon_core.package_identification:_identify(/home/tl/AVM_Ship/config/calibration_results) by extension 'ros'
[0.174s] Level 1:colcon.colcon_core.package_identification:_identify(/home/tl/AVM_Ship/config/calibration_results) by extensions ['cmake', 'python']
[0.174s] Level 1:colcon.colcon_core.package_identification:_identify(/home/tl/AVM_Ship/config/calibration_results) by extension 'cmake'
[0.174s] Level 1:colcon.colcon_core.package_identification:_identify(/home/tl/AVM_Ship/config/calibration_results) by extension 'python'
[0.174s] Level 1:colcon.colcon_core.package_identification:_identify(/home/tl/AVM_Ship/config/calibration_results) by extensions ['python_setup_py']
[0.174s] Level 1:colcon.colcon_core.package_identification:_identify(/home/tl/AVM_Ship/config/calibration_results) by extension 'python_setup_py'
[0.174s] Level 1:colcon.colcon_core.package_identification:_identify(/home/tl/AVM_Ship/config/projection_maps) by extensions ['ignore', 'ignore_ament_install']
[0.174s] Level 1:colcon.colcon_core.package_identification:_identify(/home/tl/AVM_Ship/config/projection_maps) by extension 'ignore'
[0.174s] Level 1:colcon.colcon_core.package_identification:_identify(/home/tl/AVM_Ship/config/projection_maps) by extension 'ignore_ament_install'
[0.174s] Level 1:colcon.colcon_core.package_identification:_identify(/home/tl/AVM_Ship/config/projection_maps) by extensions ['colcon_pkg']
[0.174s] Level 1:colcon.colcon_core.package_identification:_identify(/home/tl/AVM_Ship/config/projection_maps) by extension 'colcon_pkg'
[0.175s] Level 1:colcon.colcon_core.package_identification:_identify(/home/tl/AVM_Ship/config/projection_maps) by extensions ['colcon_meta']
[0.175s] Level 1:colcon.colcon_core.package_identification:_identify(/home/tl/AVM_Ship/config/projection_maps) by extension 'colcon_meta'
[0.175s] Level 1:colcon.colcon_core.package_identification:_identify(/home/tl/AVM_Ship/config/projection_maps) by extensions ['ros']
[0.175s] Level 1:colcon.colcon_core.package_identification:_identify(/home/tl/AVM_Ship/config/projection_maps) by extension 'ros'
[0.175s] Level 1:colcon.colcon_core.package_identification:_identify(/home/tl/AVM_Ship/config/projection_maps) by extensions ['cmake', 'python']
[0.175s] Level 1:colcon.colcon_core.package_identification:_identify(/home/tl/AVM_Ship/config/projection_maps) by extension 'cmake'
[0.175s] Level 1:colcon.colcon_core.package_identification:_identify(/home/tl/AVM_Ship/config/projection_maps) by extension 'python'
[0.175s] Level 1:colcon.colcon_core.package_identification:_identify(/home/tl/AVM_Ship/config/projection_maps) by extensions ['python_setup_py']
[0.175s] Level 1:colcon.colcon_core.package_identification:_identify(/home/tl/AVM_Ship/config/projection_maps) by extension 'python_setup_py'
[0.175s] Level 1:colcon.colcon_core.package_identification:_identify(/home/tl/AVM_Ship/images) by extensions ['ignore', 'ignore_ament_install']
[0.175s] Level 1:colcon.colcon_core.package_identification:_identify(/home/tl/AVM_Ship/images) by extension 'ignore'
[0.175s] Level 1:colcon.colcon_core.package_identification:_identify(/home/tl/AVM_Ship/images) by extension 'ignore_ament_install'
[0.175s] Level 1:colcon.colcon_core.package_identification:_identify(/home/tl/AVM_Ship/images) by extensions ['colcon_pkg']
[0.175s] Level 1:colcon.colcon_core.package_identification:_identify(/home/tl/AVM_Ship/images) by extension 'colcon_pkg'
[0.175s] Level 1:colcon.colcon_core.package_identification:_identify(/home/tl/AVM_Ship/images) by extensions ['colcon_meta']
[0.175s] Level 1:colcon.colcon_core.package_identification:_identify(/home/tl/AVM_Ship/images) by extension 'colcon_meta'
[0.175s] Level 1:colcon.colcon_core.package_identification:_identify(/home/tl/AVM_Ship/images) by extensions ['ros']
[0.175s] Level 1:colcon.colcon_core.package_identification:_identify(/home/tl/AVM_Ship/images) by extension 'ros'
[0.175s] Level 1:colcon.colcon_core.package_identification:_identify(/home/tl/AVM_Ship/images) by extensions ['cmake', 'python']
[0.175s] Level 1:colcon.colcon_core.package_identification:_identify(/home/tl/AVM_Ship/images) by extension 'cmake'
[0.175s] Level 1:colcon.colcon_core.package_identification:_identify(/home/tl/AVM_Ship/images) by extension 'python'
[0.175s] Level 1:colcon.colcon_core.package_identification:_identify(/home/tl/AVM_Ship/images) by extensions ['python_setup_py']
[0.175s] Level 1:colcon.colcon_core.package_identification:_identify(/home/tl/AVM_Ship/images) by extension 'python_setup_py'
[0.175s] Level 1:colcon.colcon_core.package_identification:_identify(/home/tl/AVM_Ship/install) by extensions ['ignore', 'ignore_ament_install']
[0.175s] Level 1:colcon.colcon_core.package_identification:_identify(/home/tl/AVM_Ship/install) by extension 'ignore'
[0.175s] Level 1:colcon.colcon_core.package_identification:_identify(/home/tl/AVM_Ship/install) ignored
[0.175s] Level 1:colcon.colcon_core.package_identification:_identify(/home/tl/AVM_Ship/log) by extensions ['ignore', 'ignore_ament_install']
[0.175s] Level 1:colcon.colcon_core.package_identification:_identify(/home/tl/AVM_Ship/log) by extension 'ignore'
[0.175s] Level 1:colcon.colcon_core.package_identification:_identify(/home/tl/AVM_Ship/log) ignored
[0.175s] Level 1:colcon.colcon_core.package_identification:_identify(/home/tl/AVM_Ship/src) by extensions ['ignore', 'ignore_ament_install']
[0.175s] Level 1:colcon.colcon_core.package_identification:_identify(/home/tl/AVM_Ship/src) by extension 'ignore'
[0.175s] Level 1:colcon.colcon_core.package_identification:_identify(/home/tl/AVM_Ship/src) by extension 'ignore_ament_install'
[0.175s] Level 1:colcon.colcon_core.package_identification:_identify(/home/tl/AVM_Ship/src) by extensions ['colcon_pkg']
[0.175s] Level 1:colcon.colcon_core.package_identification:_identify(/home/tl/AVM_Ship/src) by extension 'colcon_pkg'
[0.175s] Level 1:colcon.colcon_core.package_identification:_identify(/home/tl/AVM_Ship/src) by extensions ['colcon_meta']
[0.175s] Level 1:colcon.colcon_core.package_identification:_identify(/home/tl/AVM_Ship/src) by extension 'colcon_meta'
[0.176s] Level 1:colcon.colcon_core.package_identification:_identify(/home/tl/AVM_Ship/src) by extensions ['ros']
[0.176s] Level 1:colcon.colcon_core.package_identification:_identify(/home/tl/AVM_Ship/src) by extension 'ros'
[0.176s] Level 1:colcon.colcon_core.package_identification:_identify(/home/tl/AVM_Ship/src) by extensions ['cmake', 'python']
[0.176s] Level 1:colcon.colcon_core.package_identification:_identify(/home/tl/AVM_Ship/src) by extension 'cmake'
[0.176s] Level 1:colcon.colcon_core.package_identification:_identify(/home/tl/AVM_Ship/src) by extension 'python'
[0.176s] Level 1:colcon.colcon_core.package_identification:_identify(/home/tl/AVM_Ship/src) by extensions ['python_setup_py']
[0.176s] Level 1:colcon.colcon_core.package_identification:_identify(/home/tl/AVM_Ship/src) by extension 'python_setup_py'
[0.176s] Level 1:colcon.colcon_core.package_identification:_identify(/home/tl/AVM_Ship/src/ProjectParamCalib) by extensions ['ignore', 'ignore_ament_install']
[0.176s] Level 1:colcon.colcon_core.package_identification:_identify(/home/tl/AVM_Ship/src/ProjectParamCalib) by extension 'ignore'
[0.176s] Level 1:colcon.colcon_core.package_identification:_identify(/home/tl/AVM_Ship/src/ProjectParamCalib) by extension 'ignore_ament_install'
[0.176s] Level 1:colcon.colcon_core.package_identification:_identify(/home/tl/AVM_Ship/src/ProjectParamCalib) by extensions ['colcon_pkg']
[0.176s] Level 1:colcon.colcon_core.package_identification:_identify(/home/tl/AVM_Ship/src/ProjectParamCalib) by extension 'colcon_pkg'
[0.176s] Level 1:colcon.colcon_core.package_identification:_identify(/home/tl/AVM_Ship/src/ProjectParamCalib) by extensions ['colcon_meta']
[0.176s] Level 1:colcon.colcon_core.package_identification:_identify(/home/tl/AVM_Ship/src/ProjectParamCalib) by extension 'colcon_meta'
[0.176s] Level 1:colcon.colcon_core.package_identification:_identify(/home/tl/AVM_Ship/src/ProjectParamCalib) by extensions ['ros']
[0.176s] Level 1:colcon.colcon_core.package_identification:_identify(/home/tl/AVM_Ship/src/ProjectParamCalib) by extension 'ros'
[0.176s] Level 1:colcon.colcon_core.package_identification:_identify(/home/tl/AVM_Ship/src/ProjectParamCalib) by extensions ['cmake', 'python']
[0.176s] Level 1:colcon.colcon_core.package_identification:_identify(/home/tl/AVM_Ship/src/ProjectParamCalib) by extension 'cmake'
[0.176s] Level 1:colcon.colcon_core.package_identification:_identify(/home/tl/AVM_Ship/src/ProjectParamCalib) by extension 'python'
[0.176s] Level 1:colcon.colcon_core.package_identification:_identify(/home/tl/AVM_Ship/src/ProjectParamCalib) by extensions ['python_setup_py']
[0.176s] Level 1:colcon.colcon_core.package_identification:_identify(/home/tl/AVM_Ship/src/ProjectParamCalib) by extension 'python_setup_py'
[0.176s] Level 1:colcon.colcon_core.package_identification:_identify(/home/tl/AVM_Ship/src/ProjectParamCalib/README) by extensions ['ignore', 'ignore_ament_install']
[0.176s] Level 1:colcon.colcon_core.package_identification:_identify(/home/tl/AVM_Ship/src/ProjectParamCalib/README) by extension 'ignore'
[0.176s] Level 1:colcon.colcon_core.package_identification:_identify(/home/tl/AVM_Ship/src/ProjectParamCalib/README) by extension 'ignore_ament_install'
[0.176s] Level 1:colcon.colcon_core.package_identification:_identify(/home/tl/AVM_Ship/src/ProjectParamCalib/README) by extensions ['colcon_pkg']
[0.176s] Level 1:colcon.colcon_core.package_identification:_identify(/home/tl/AVM_Ship/src/ProjectParamCalib/README) by extension 'colcon_pkg'
[0.176s] Level 1:colcon.colcon_core.package_identification:_identify(/home/tl/AVM_Ship/src/ProjectParamCalib/README) by extensions ['colcon_meta']
[0.176s] Level 1:colcon.colcon_core.package_identification:_identify(/home/tl/AVM_Ship/src/ProjectParamCalib/README) by extension 'colcon_meta'
[0.176s] Level 1:colcon.colcon_core.package_identification:_identify(/home/tl/AVM_Ship/src/ProjectParamCalib/README) by extensions ['ros']
[0.176s] Level 1:colcon.colcon_core.package_identification:_identify(/home/tl/AVM_Ship/src/ProjectParamCalib/README) by extension 'ros'
[0.176s] Level 1:colcon.colcon_core.package_identification:_identify(/home/tl/AVM_Ship/src/ProjectParamCalib/README) by extensions ['cmake', 'python']
[0.176s] Level 1:colcon.colcon_core.package_identification:_identify(/home/tl/AVM_Ship/src/ProjectParamCalib/README) by extension 'cmake'
[0.176s] Level 1:colcon.colcon_core.package_identification:_identify(/home/tl/AVM_Ship/src/ProjectParamCalib/README) by extension 'python'
[0.176s] Level 1:colcon.colcon_core.package_identification:_identify(/home/tl/AVM_Ship/src/ProjectParamCalib/README) by extensions ['python_setup_py']
[0.176s] Level 1:colcon.colcon_core.package_identification:_identify(/home/tl/AVM_Ship/src/ProjectParamCalib/README) by extension 'python_setup_py'
[0.176s] Level 1:colcon.colcon_core.package_identification:_identify(/home/tl/AVM_Ship/src/ProjectParamCalib/utils) by extensions ['ignore', 'ignore_ament_install']
[0.176s] Level 1:colcon.colcon_core.package_identification:_identify(/home/tl/AVM_Ship/src/ProjectParamCalib/utils) by extension 'ignore'
[0.176s] Level 1:colcon.colcon_core.package_identification:_identify(/home/tl/AVM_Ship/src/ProjectParamCalib/utils) by extension 'ignore_ament_install'
[0.176s] Level 1:colcon.colcon_core.package_identification:_identify(/home/tl/AVM_Ship/src/ProjectParamCalib/utils) by extensions ['colcon_pkg']
[0.177s] Level 1:colcon.colcon_core.package_identification:_identify(/home/tl/AVM_Ship/src/ProjectParamCalib/utils) by extension 'colcon_pkg'
[0.177s] Level 1:colcon.colcon_core.package_identification:_identify(/home/tl/AVM_Ship/src/ProjectParamCalib/utils) by extensions ['colcon_meta']
[0.177s] Level 1:colcon.colcon_core.package_identification:_identify(/home/tl/AVM_Ship/src/ProjectParamCalib/utils) by extension 'colcon_meta'
[0.177s] Level 1:colcon.colcon_core.package_identification:_identify(/home/tl/AVM_Ship/src/ProjectParamCalib/utils) by extensions ['ros']
[0.177s] Level 1:colcon.colcon_core.package_identification:_identify(/home/tl/AVM_Ship/src/ProjectParamCalib/utils) by extension 'ros'
[0.177s] Level 1:colcon.colcon_core.package_identification:_identify(/home/tl/AVM_Ship/src/ProjectParamCalib/utils) by extensions ['cmake', 'python']
[0.177s] Level 1:colcon.colcon_core.package_identification:_identify(/home/tl/AVM_Ship/src/ProjectParamCalib/utils) by extension 'cmake'
[0.177s] Level 1:colcon.colcon_core.package_identification:_identify(/home/tl/AVM_Ship/src/ProjectParamCalib/utils) by extension 'python'
[0.177s] Level 1:colcon.colcon_core.package_identification:_identify(/home/tl/AVM_Ship/src/ProjectParamCalib/utils) by extensions ['python_setup_py']
[0.177s] Level 1:colcon.colcon_core.package_identification:_identify(/home/tl/AVM_Ship/src/ProjectParamCalib/utils) by extension 'python_setup_py'
[0.177s] Level 1:colcon.colcon_core.package_identification:_identify(/home/tl/AVM_Ship/src/ProjectParamCalib/utils/__pycache__) by extensions ['ignore', 'ignore_ament_install']
[0.177s] Level 1:colcon.colcon_core.package_identification:_identify(/home/tl/AVM_Ship/src/ProjectParamCalib/utils/__pycache__) by extension 'ignore'
[0.177s] Level 1:colcon.colcon_core.package_identification:_identify(/home/tl/AVM_Ship/src/ProjectParamCalib/utils/__pycache__) by extension 'ignore_ament_install'
[0.177s] Level 1:colcon.colcon_core.package_identification:_identify(/home/tl/AVM_Ship/src/ProjectParamCalib/utils/__pycache__) by extensions ['colcon_pkg']
[0.177s] Level 1:colcon.colcon_core.package_identification:_identify(/home/tl/AVM_Ship/src/ProjectParamCalib/utils/__pycache__) by extension 'colcon_pkg'
[0.177s] Level 1:colcon.colcon_core.package_identification:_identify(/home/tl/AVM_Ship/src/ProjectParamCalib/utils/__pycache__) by extensions ['colcon_meta']
[0.177s] Level 1:colcon.colcon_core.package_identification:_identify(/home/tl/AVM_Ship/src/ProjectParamCalib/utils/__pycache__) by extension 'colcon_meta'
[0.177s] Level 1:colcon.colcon_core.package_identification:_identify(/home/tl/AVM_Ship/src/ProjectParamCalib/utils/__pycache__) by extensions ['ros']
[0.177s] Level 1:colcon.colcon_core.package_identification:_identify(/home/tl/AVM_Ship/src/ProjectParamCalib/utils/__pycache__) by extension 'ros'
[0.177s] Level 1:colcon.colcon_core.package_identification:_identify(/home/tl/AVM_Ship/src/ProjectParamCalib/utils/__pycache__) by extensions ['cmake', 'python']
[0.177s] Level 1:colcon.colcon_core.package_identification:_identify(/home/tl/AVM_Ship/src/ProjectParamCalib/utils/__pycache__) by extension 'cmake'
[0.177s] Level 1:colcon.colcon_core.package_identification:_identify(/home/tl/AVM_Ship/src/ProjectParamCalib/utils/__pycache__) by extension 'python'
[0.177s] Level 1:colcon.colcon_core.package_identification:_identify(/home/tl/AVM_Ship/src/ProjectParamCalib/utils/__pycache__) by extensions ['python_setup_py']
[0.177s] Level 1:colcon.colcon_core.package_identification:_identify(/home/tl/AVM_Ship/src/ProjectParamCalib/utils/__pycache__) by extension 'python_setup_py'
[0.177s] Level 1:colcon.colcon_core.package_identification:_identify(/home/tl/AVM_Ship/src/surrend_view) by extensions ['ignore', 'ignore_ament_install']
[0.177s] Level 1:colcon.colcon_core.package_identification:_identify(/home/tl/AVM_Ship/src/surrend_view) by extension 'ignore'
[0.177s] Level 1:colcon.colcon_core.package_identification:_identify(/home/tl/AVM_Ship/src/surrend_view) by extension 'ignore_ament_install'
[0.177s] Level 1:colcon.colcon_core.package_identification:_identify(/home/tl/AVM_Ship/src/surrend_view) by extensions ['colcon_pkg']
[0.177s] Level 1:colcon.colcon_core.package_identification:_identify(/home/tl/AVM_Ship/src/surrend_view) by extension 'colcon_pkg'
[0.178s] Level 1:colcon.colcon_core.package_identification:_identify(/home/tl/AVM_Ship/src/surrend_view) by extensions ['colcon_meta']
[0.178s] Level 1:colcon.colcon_core.package_identification:_identify(/home/tl/AVM_Ship/src/surrend_view) by extension 'colcon_meta'
[0.178s] Level 1:colcon.colcon_core.package_identification:_identify(/home/tl/AVM_Ship/src/surrend_view) by extensions ['ros']
[0.178s] Level 1:colcon.colcon_core.package_identification:_identify(/home/tl/AVM_Ship/src/surrend_view) by extension 'ros'
[0.181s] DEBUG:colcon.colcon_core.package_identification:Package '/home/tl/AVM_Ship/src/surrend_view' with type 'ros.ament_cmake' and name 'surrend_view'
[0.181s] Level 1:colcon.colcon_core.package_discovery:discover_packages(recursive) using defaults
[0.155s] Level 1:colcon.colcon_core.package_discovery:discover_packages(colcon_meta) check parameters
[0.156s] Level 1:colcon.colcon_core.package_discovery:discover_packages(recursive) check parameters
[0.156s] Level 1:colcon.colcon_core.package_discovery:discover_packages(ignore) check parameters
[0.156s] Level 1:colcon.colcon_core.package_discovery:discover_packages(path) check parameters
[0.156s] Level 1:colcon.colcon_core.package_discovery:discover_packages(recursive) discover
[0.156s] INFO:colcon.colcon_core.package_discovery:Crawling recursively for packages in '/home/tl/AVM_Ship', '/home/tl/AVM_Ship/--log-base', '/dev/null'
[0.156s] Level 1:colcon.colcon_core.package_identification:_identify(/home/tl/AVM_Ship) by extensions ['ignore', 'ignore_ament_install']
[0.156s] Level 1:colcon.colcon_core.package_identification:_identify(/home/tl/AVM_Ship) by extension 'ignore'
[0.156s] Level 1:colcon.colcon_core.package_identification:_identify(/home/tl/AVM_Ship) by extension 'ignore_ament_install'
[0.156s] Level 1:colcon.colcon_core.package_identification:_identify(/home/tl/AVM_Ship) by extensions ['colcon_pkg']
[0.156s] Level 1:colcon.colcon_core.package_identification:_identify(/home/tl/AVM_Ship) by extension 'colcon_pkg'
[0.156s] Level 1:colcon.colcon_core.package_identification:_identify(/home/tl/AVM_Ship) by extensions ['colcon_meta']
[0.156s] Level 1:colcon.colcon_core.package_identification:_identify(/home/tl/AVM_Ship) by extension 'colcon_meta'
[0.156s] Level 1:colcon.colcon_core.package_identification:_identify(/home/tl/AVM_Ship) by extensions ['ros']
[0.156s] Level 1:colcon.colcon_core.package_identification:_identify(/home/tl/AVM_Ship) by extension 'ros'
[0.164s] Level 1:colcon.colcon_core.package_identification:_identify(/home/tl/AVM_Ship) by extensions ['cmake', 'python']
[0.164s] Level 1:colcon.colcon_core.package_identification:_identify(/home/tl/AVM_Ship) by extension 'cmake'
[0.164s] Level 1:colcon.colcon_core.package_identification:_identify(/home/tl/AVM_Ship) by extension 'python'
[0.164s] Level 1:colcon.colcon_core.package_identification:_identify(/home/tl/AVM_Ship) by extensions ['python_setup_py']
[0.164s] Level 1:colcon.colcon_core.package_identification:_identify(/home/tl/AVM_Ship) by extension 'python_setup_py'
[0.164s] Level 1:colcon.colcon_core.package_identification:_identify(/home/tl/AVM_Ship/build) by extensions ['ignore', 'ignore_ament_install']
[0.164s] Level 1:colcon.colcon_core.package_identification:_identify(/home/tl/AVM_Ship/build) by extension 'ignore'
[0.164s] Level 1:colcon.colcon_core.package_identification:_identify(/home/tl/AVM_Ship/build) ignored
[0.164s] Level 1:colcon.colcon_core.package_identification:_identify(/home/tl/AVM_Ship/config) by extensions ['ignore', 'ignore_ament_install']
[0.164s] Level 1:colcon.colcon_core.package_identification:_identify(/home/tl/AVM_Ship/config) by extension 'ignore'
[0.164s] Level 1:colcon.colcon_core.package_identification:_identify(/home/tl/AVM_Ship/config) by extension 'ignore_ament_install'
[0.164s] Level 1:colcon.colcon_core.package_identification:_identify(/home/tl/AVM_Ship/config) by extensions ['colcon_pkg']
[0.164s] Level 1:colcon.colcon_core.package_identification:_identify(/home/tl/AVM_Ship/config) by extension 'colcon_pkg'
[0.164s] Level 1:colcon.colcon_core.package_identification:_identify(/home/tl/AVM_Ship/config) by extensions ['colcon_meta']
[0.164s] Level 1:colcon.colcon_core.package_identification:_identify(/home/tl/AVM_Ship/config) by extension 'colcon_meta'
[0.164s] Level 1:colcon.colcon_core.package_identification:_identify(/home/tl/AVM_Ship/config) by extensions ['ros']
[0.164s] Level 1:colcon.colcon_core.package_identification:_identify(/home/tl/AVM_Ship/config) by extension 'ros'
[0.164s] Level 1:colcon.colcon_core.package_identification:_identify(/home/tl/AVM_Ship/config) by extensions ['cmake', 'python']
[0.164s] Level 1:colcon.colcon_core.package_identification:_identify(/home/tl/AVM_Ship/config) by extension 'cmake'
[0.164s] Level 1:colcon.colcon_core.package_identification:_identify(/home/tl/AVM_Ship/config) by extension 'python'
[0.164s] Level 1:colcon.colcon_core.package_identification:_identify(/home/tl/AVM_Ship/config) by extensions ['python_setup_py']
[0.164s] Level 1:colcon.colcon_core.package_identification:_identify(/home/tl/AVM_Ship/config) by extension 'python_setup_py'
[0.165s] Level 1:colcon.colcon_core.package_identification:_identify(/home/tl/AVM_Ship/config/calibration_results) by extensions ['ignore', 'ignore_ament_install']
[0.165s] Level 1:colcon.colcon_core.package_identification:_identify(/home/tl/AVM_Ship/config/calibration_results) by extension 'ignore'
[0.165s] Level 1:colcon.colcon_core.package_identification:_identify(/home/tl/AVM_Ship/config/calibration_results) by extension 'ignore_ament_install'
[0.165s] Level 1:colcon.colcon_core.package_identification:_identify(/home/tl/AVM_Ship/config/calibration_results) by extensions ['colcon_pkg']
[0.165s] Level 1:colcon.colcon_core.package_identification:_identify(/home/tl/AVM_Ship/config/calibration_results) by extension 'colcon_pkg'
[0.165s] Level 1:colcon.colcon_core.package_identification:_identify(/home/tl/AVM_Ship/config/calibration_results) by extensions ['colcon_meta']
[0.165s] Level 1:colcon.colcon_core.package_identification:_identify(/home/tl/AVM_Ship/config/calibration_results) by extension 'colcon_meta'
[0.165s] Level 1:colcon.colcon_core.package_identification:_identify(/home/tl/AVM_Ship/config/calibration_results) by extensions ['ros']
[0.165s] Level 1:colcon.colcon_core.package_identification:_identify(/home/tl/AVM_Ship/config/calibration_results) by extension 'ros'
[0.165s] Level 1:colcon.colcon_core.package_identification:_identify(/home/tl/AVM_Ship/config/calibration_results) by extensions ['cmake', 'python']
[0.165s] Level 1:colcon.colcon_core.package_identification:_identify(/home/tl/AVM_Ship/config/calibration_results) by extension 'cmake'
[0.165s] Level 1:colcon.colcon_core.package_identification:_identify(/home/tl/AVM_Ship/config/calibration_results) by extension 'python'
[0.165s] Level 1:colcon.colcon_core.package_identification:_identify(/home/tl/AVM_Ship/config/calibration_results) by extensions ['python_setup_py']
[0.165s] Level 1:colcon.colcon_core.package_identification:_identify(/home/tl/AVM_Ship/config/calibration_results) by extension 'python_setup_py'
[0.165s] Level 1:colcon.colcon_core.package_identification:_identify(/home/tl/AVM_Ship/config/projection_maps) by extensions ['ignore', 'ignore_ament_install']
[0.165s] Level 1:colcon.colcon_core.package_identification:_identify(/home/tl/AVM_Ship/config/projection_maps) by extension 'ignore'
[0.165s] Level 1:colcon.colcon_core.package_identification:_identify(/home/tl/AVM_Ship/config/projection_maps) by extension 'ignore_ament_install'
[0.165s] Level 1:colcon.colcon_core.package_identification:_identify(/home/tl/AVM_Ship/config/projection_maps) by extensions ['colcon_pkg']
[0.165s] Level 1:colcon.colcon_core.package_identification:_identify(/home/tl/AVM_Ship/config/projection_maps) by extension 'colcon_pkg'
[0.165s] Level 1:colcon.colcon_core.package_identification:_identify(/home/tl/AVM_Ship/config/projection_maps) by extensions ['colcon_meta']
[0.165s] Level 1:colcon.colcon_core.package_identification:_identify(/home/tl/AVM_Ship/config/projection_maps) by extension 'colcon_meta'
[0.165s] Level 1:colcon.colcon_core.package_identification:_identify(/home/tl/AVM_Ship/config/projection_maps) by extensions ['ros']
[0.165s] Level 1:colcon.colcon_core.package_identification:_identify(/home/tl/AVM_Ship/config/projection_maps) by extension 'ros'
[0.165s] Level 1:colcon.colcon_core.package_identification:_identify(/home/tl/AVM_Ship/config/projection_maps) by extensions ['cmake', 'python']
[0.165s] Level 1:colcon.colcon_core.package_identification:_identify(/home/tl/AVM_Ship/config/projection_maps) by extension 'cmake'
[0.165s] Level 1:colcon.colcon_core.package_identification:_identify(/home/tl/AVM_Ship/config/projection_maps) by extension 'python'
[0.165s] Level 1:colcon.colcon_core.package_identification:_identify(/home/tl/AVM_Ship/config/projection_maps) by extensions ['python_setup_py']
[0.165s] Level 1:colcon.colcon_core.package_identification:_identify(/home/tl/AVM_Ship/config/projection_maps) by extension 'python_setup_py'
[0.165s] Level 1:colcon.colcon_core.package_identification:_identify(/home/tl/AVM_Ship/images) by extensions ['ignore', 'ignore_ament_install']
[0.165s] Level 1:colcon.colcon_core.package_identification:_identify(/home/tl/AVM_Ship/images) by extension 'ignore'
[0.165s] Level 1:colcon.colcon_core.package_identification:_identify(/home/tl/AVM_Ship/images) by extension 'ignore_ament_install'
[0.165s] Level 1:colcon.colcon_core.package_identification:_identify(/home/tl/AVM_Ship/images) by extensions ['colcon_pkg']
[0.166s] Level 1:colcon.colcon_core.package_identification:_identify(/home/tl/AVM_Ship/images) by extension 'colcon_pkg'
[0.166s] Level 1:colcon.colcon_core.package_identification:_identify(/home/tl/AVM_Ship/images) by extensions ['colcon_meta']
[0.166s] Level 1:colcon.colcon_core.package_identification:_identify(/home/tl/AVM_Ship/images) by extension 'colcon_meta'
[0.166s] Level 1:colcon.colcon_core.package_identification:_identify(/home/tl/AVM_Ship/images) by extensions ['ros']
[0.166s] Level 1:colcon.colcon_core.package_identification:_identify(/home/tl/AVM_Ship/images) by extension 'ros'
[0.166s] Level 1:colcon.colcon_core.package_identification:_identify(/home/tl/AVM_Ship/images) by extensions ['cmake', 'python']
[0.166s] Level 1:colcon.colcon_core.package_identification:_identify(/home/tl/AVM_Ship/images) by extension 'cmake'
[0.166s] Level 1:colcon.colcon_core.package_identification:_identify(/home/tl/AVM_Ship/images) by extension 'python'
[0.166s] Level 1:colcon.colcon_core.package_identification:_identify(/home/tl/AVM_Ship/images) by extensions ['python_setup_py']
[0.166s] Level 1:colcon.colcon_core.package_identification:_identify(/home/tl/AVM_Ship/images) by extension 'python_setup_py'
[0.166s] Level 1:colcon.colcon_core.package_identification:_identify(/home/tl/AVM_Ship/install) by extensions ['ignore', 'ignore_ament_install']
[0.166s] Level 1:colcon.colcon_core.package_identification:_identify(/home/tl/AVM_Ship/install) by extension 'ignore'
[0.166s] Level 1:colcon.colcon_core.package_identification:_identify(/home/tl/AVM_Ship/install) ignored
[0.166s] Level 1:colcon.colcon_core.package_identification:_identify(/home/tl/AVM_Ship/log) by extensions ['ignore', 'ignore_ament_install']
[0.166s] Level 1:colcon.colcon_core.package_identification:_identify(/home/tl/AVM_Ship/log) by extension 'ignore'
[0.166s] Level 1:colcon.colcon_core.package_identification:_identify(/home/tl/AVM_Ship/log) ignored
[0.166s] Level 1:colcon.colcon_core.package_identification:_identify(/home/tl/AVM_Ship/src) by extensions ['ignore', 'ignore_ament_install']
[0.166s] Level 1:colcon.colcon_core.package_identification:_identify(/home/tl/AVM_Ship/src) by extension 'ignore'
[0.166s] Level 1:colcon.colcon_core.package_identification:_identify(/home/tl/AVM_Ship/src) by extension 'ignore_ament_install'
[0.166s] Level 1:colcon.colcon_core.package_identification:_identify(/home/tl/AVM_Ship/src) by extensions ['colcon_pkg']
[0.166s] Level 1:colcon.colcon_core.package_identification:_identify(/home/tl/AVM_Ship/src) by extension 'colcon_pkg'
[0.166s] Level 1:colcon.colcon_core.package_identification:_identify(/home/tl/AVM_Ship/src) by extensions ['colcon_meta']
[0.166s] Level 1:colcon.colcon_core.package_identification:_identify(/home/tl/AVM_Ship/src) by extension 'colcon_meta'
[0.166s] Level 1:colcon.colcon_core.package_identification:_identify(/home/tl/AVM_Ship/src) by extensions ['ros']
[0.166s] Level 1:colcon.colcon_core.package_identification:_identify(/home/tl/AVM_Ship/src) by extension 'ros'
[0.166s] Level 1:colcon.colcon_core.package_identification:_identify(/home/tl/AVM_Ship/src) by extensions ['cmake', 'python']
[0.166s] Level 1:colcon.colcon_core.package_identification:_identify(/home/tl/AVM_Ship/src) by extension 'cmake'
[0.166s] Level 1:colcon.colcon_core.package_identification:_identify(/home/tl/AVM_Ship/src) by extension 'python'
[0.166s] Level 1:colcon.colcon_core.package_identification:_identify(/home/tl/AVM_Ship/src) by extensions ['python_setup_py']
[0.166s] Level 1:colcon.colcon_core.package_identification:_identify(/home/tl/AVM_Ship/src) by extension 'python_setup_py'
[0.166s] Level 1:colcon.colcon_core.package_identification:_identify(/home/tl/AVM_Ship/src/ProjectParamCalib) by extensions ['ignore', 'ignore_ament_install']
[0.166s] Level 1:colcon.colcon_core.package_identification:_identify(/home/tl/AVM_Ship/src/ProjectParamCalib) by extension 'ignore'
[0.166s] Level 1:colcon.colcon_core.package_identification:_identify(/home/tl/AVM_Ship/src/ProjectParamCalib) by extension 'ignore_ament_install'
[0.166s] Level 1:colcon.colcon_core.package_identification:_identify(/home/tl/AVM_Ship/src/ProjectParamCalib) by extensions ['colcon_pkg']
[0.166s] Level 1:colcon.colcon_core.package_identification:_identify(/home/tl/AVM_Ship/src/ProjectParamCalib) by extension 'colcon_pkg'
[0.166s] Level 1:colcon.colcon_core.package_identification:_identify(/home/tl/AVM_Ship/src/ProjectParamCalib) by extensions ['colcon_meta']
[0.167s] Level 1:colcon.colcon_core.package_identification:_identify(/home/tl/AVM_Ship/src/ProjectParamCalib) by extension 'colcon_meta'
[0.167s] Level 1:colcon.colcon_core.package_identification:_identify(/home/tl/AVM_Ship/src/ProjectParamCalib) by extensions ['ros']
[0.167s] Level 1:colcon.colcon_core.package_identification:_identify(/home/tl/AVM_Ship/src/ProjectParamCalib) by extension 'ros'
[0.167s] Level 1:colcon.colcon_core.package_identification:_identify(/home/tl/AVM_Ship/src/ProjectParamCalib) by extensions ['cmake', 'python']
[0.167s] Level 1:colcon.colcon_core.package_identification:_identify(/home/tl/AVM_Ship/src/ProjectParamCalib) by extension 'cmake'
[0.167s] Level 1:colcon.colcon_core.package_identification:_identify(/home/tl/AVM_Ship/src/ProjectParamCalib) by extension 'python'
[0.167s] Level 1:colcon.colcon_core.package_identification:_identify(/home/tl/AVM_Ship/src/ProjectParamCalib) by extensions ['python_setup_py']
[0.167s] Level 1:colcon.colcon_core.package_identification:_identify(/home/tl/AVM_Ship/src/ProjectParamCalib) by extension 'python_setup_py'
[0.167s] Level 1:colcon.colcon_core.package_identification:_identify(/home/tl/AVM_Ship/src/ProjectParamCalib/README) by extensions ['ignore', 'ignore_ament_install']
[0.167s] Level 1:colcon.colcon_core.package_identification:_identify(/home/tl/AVM_Ship/src/ProjectParamCalib/README) by extension 'ignore'
[0.167s] Level 1:colcon.colcon_core.package_identification:_identify(/home/tl/AVM_Ship/src/ProjectParamCalib/README) by extension 'ignore_ament_install'
[0.167s] Level 1:colcon.colcon_core.package_identification:_identify(/home/tl/AVM_Ship/src/ProjectParamCalib/README) by extensions ['colcon_pkg']
[0.167s] Level 1:colcon.colcon_core.package_identification:_identify(/home/tl/AVM_Ship/src/ProjectParamCalib/README) by extension 'colcon_pkg'
[0.167s] Level 1:colcon.colcon_core.package_identification:_identify(/home/tl/AVM_Ship/src/ProjectParamCalib/README) by extensions ['colcon_meta']
[0.167s] Level 1:colcon.colcon_core.package_identification:_identify(/home/tl/AVM_Ship/src/ProjectParamCalib/README) by extension 'colcon_meta'
[0.167s] Level 1:colcon.colcon_core.package_identification:_identify(/home/tl/AVM_Ship/src/ProjectParamCalib/README) by extensions ['ros']
[0.167s] Level 1:colcon.colcon_core.package_identification:_identify(/home/tl/AVM_Ship/src/ProjectParamCalib/README) by extension 'ros'
[0.167s] Level 1:colcon.colcon_core.package_identification:_identify(/home/tl/AVM_Ship/src/ProjectParamCalib/README) by extensions ['cmake', 'python']
[0.167s] Level 1:colcon.colcon_core.package_identification:_identify(/home/tl/AVM_Ship/src/ProjectParamCalib/README) by extension 'cmake'
[0.167s] Level 1:colcon.colcon_core.package_identification:_identify(/home/tl/AVM_Ship/src/ProjectParamCalib/README) by extension 'python'
[0.167s] Level 1:colcon.colcon_core.package_identification:_identify(/home/tl/AVM_Ship/src/ProjectParamCalib/README) by extensions ['python_setup_py']
[0.167s] Level 1:colcon.colcon_core.package_identification:_identify(/home/tl/AVM_Ship/src/ProjectParamCalib/README) by extension 'python_setup_py'
[0.167s] Level 1:colcon.colcon_core.package_identification:_identify(/home/tl/AVM_Ship/src/ProjectParamCalib/utils) by extensions ['ignore', 'ignore_ament_install']
[0.167s] Level 1:colcon.colcon_core.package_identification:_identify(/home/tl/AVM_Ship/src/ProjectParamCalib/utils) by extension 'ignore'
[0.167s] Level 1:colcon.colcon_core.package_identification:_identify(/home/tl/AVM_Ship/src/ProjectParamCalib/utils) by extension 'ignore_ament_install'
[0.167s] Level 1:colcon.colcon_core.package_identification:_identify(/home/tl/AVM_Ship/src/ProjectParamCalib/utils) by extensions ['colcon_pkg']
[0.167s] Level 1:colcon.colcon_core.package_identification:_identify(/home/tl/AVM_Ship/src/ProjectParamCalib/utils) by extension 'colcon_pkg'
[0.167s] Level 1:colcon.colcon_core.package_identification:_identify(/home/tl/AVM_Ship/src/ProjectParamCalib/utils) by extensions ['colcon_meta']
[0.167s] Level 1:colcon.colcon_core.package_identification:_identify(/home/tl/AVM_Ship/src/ProjectParamCalib/utils) by extension 'colcon_meta'
[0.167s] Level 1:colcon.colcon_core.package_identification:_identify(/home/tl/AVM_Ship/src/ProjectParamCalib/utils) by extensions ['ros']
[0.167s] Level 1:colcon.colcon_core.package_identification:_identify(/home/tl/AVM_Ship/src/ProjectParamCalib/utils) by extension 'ros'
[0.167s] Level 1:colcon.colcon_core.package_identification:_identify(/home/tl/AVM_Ship/src/ProjectParamCalib/utils) by extensions ['cmake', 'python']
[0.167s] Level 1:colcon.colcon_core.package_identification:_identify(/home/tl/AVM_Ship/src/ProjectParamCalib/utils) by extension 'cmake'
[0.167s] Level 1:colcon.colcon_core.package_identification:_identify(/home/tl/AVM_Ship/src/ProjectParamCalib/utils) by extension 'python'
[0.167s] Level 1:colcon.colcon_core.package_identification:_identify(/home/tl/AVM_Ship/src/ProjectParamCalib/utils) by extensions ['python_setup_py']
[0.167s] Level 1:colcon.colcon_core.package_identification:_identify(/home/tl/AVM_Ship/src/ProjectParamCalib/utils) by extension 'python_setup_py'
[0.167s] Level 1:colcon.colcon_core.package_identification:_identify(/home/tl/AVM_Ship/src/ProjectParamCalib/utils/__pycache__) by extensions ['ignore', 'ignore_ament_install']
[0.168s] Level 1:colcon.colcon_core.package_identification:_identify(/home/tl/AVM_Ship/src/ProjectParamCalib/utils/__pycache__) by extension 'ignore'
[0.168s] Level 1:colcon.colcon_core.package_identification:_identify(/home/tl/AVM_Ship/src/ProjectParamCalib/utils/__pycache__) by extension 'ignore_ament_install'
[0.168s] Level 1:colcon.colcon_core.package_identification:_identify(/home/tl/AVM_Ship/src/ProjectParamCalib/utils/__pycache__) by extensions ['colcon_pkg']
[0.168s] Level 1:colcon.colcon_core.package_identification:_identify(/home/tl/AVM_Ship/src/ProjectParamCalib/utils/__pycache__) by extension 'colcon_pkg'
[0.168s] Level 1:colcon.colcon_core.package_identification:_identify(/home/tl/AVM_Ship/src/ProjectParamCalib/utils/__pycache__) by extensions ['colcon_meta']
[0.168s] Level 1:colcon.colcon_core.package_identification:_identify(/home/tl/AVM_Ship/src/ProjectParamCalib/utils/__pycache__) by extension 'colcon_meta'
[0.168s] Level 1:colcon.colcon_core.package_identification:_identify(/home/tl/AVM_Ship/src/ProjectParamCalib/utils/__pycache__) by extensions ['ros']
[0.168s] Level 1:colcon.colcon_core.package_identification:_identify(/home/tl/AVM_Ship/src/ProjectParamCalib/utils/__pycache__) by extension 'ros'
[0.168s] Level 1:colcon.colcon_core.package_identification:_identify(/home/tl/AVM_Ship/src/ProjectParamCalib/utils/__pycache__) by extensions ['cmake', 'python']
[0.168s] Level 1:colcon.colcon_core.package_identification:_identify(/home/tl/AVM_Ship/src/ProjectParamCalib/utils/__pycache__) by extension 'cmake'
[0.168s] Level 1:colcon.colcon_core.package_identification:_identify(/home/tl/AVM_Ship/src/ProjectParamCalib/utils/__pycache__) by extension 'python'
[0.168s] Level 1:colcon.colcon_core.package_identification:_identify(/home/tl/AVM_Ship/src/ProjectParamCalib/utils/__pycache__) by extensions ['python_setup_py']
[0.168s] Level 1:colcon.colcon_core.package_identification:_identify(/home/tl/AVM_Ship/src/ProjectParamCalib/utils/__pycache__) by extension 'python_setup_py'
[0.168s] Level 1:colcon.colcon_core.package_identification:_identify(/home/tl/AVM_Ship/src/surrend_view) by extensions ['ignore', 'ignore_ament_install']
[0.168s] Level 1:colcon.colcon_core.package_identification:_identify(/home/tl/AVM_Ship/src/surrend_view) by extension 'ignore'
[0.168s] Level 1:colcon.colcon_core.package_identification:_identify(/home/tl/AVM_Ship/src/surrend_view) by extension 'ignore_ament_install'
[0.168s] Level 1:colcon.colcon_core.package_identification:_identify(/home/tl/AVM_Ship/src/surrend_view) by extensions ['colcon_pkg']
[0.168s] Level 1:colcon.colcon_core.package_identification:_identify(/home/tl/AVM_Ship/src/surrend_view) by extension 'colcon_pkg'
[0.168s] Level 1:colcon.colcon_core.package_identification:_identify(/home/tl/AVM_Ship/src/surrend_view) by extensions ['colcon_meta']
[0.168s] Level 1:colcon.colcon_core.package_identification:_identify(/home/tl/AVM_Ship/src/surrend_view) by extension 'colcon_meta'
[0.168s] Level 1:colcon.colcon_core.package_identification:_identify(/home/tl/AVM_Ship/src/surrend_view) by extensions ['ros']
[0.168s] Level 1:colcon.colcon_core.package_identification:_identify(/home/tl/AVM_Ship/src/surrend_view) by extension 'ros'
[0.171s] DEBUG:colcon.colcon_core.package_identification:Package '/home/tl/AVM_Ship/src/surrend_view' with type 'ros.ament_cmake' and name 'surrend_view'
[0.171s] Level 1:colcon.colcon_core.package_discovery:discover_packages(recursive) using defaults
