[0.006s] Invoking command in '/home/tl/AVM_Ship/build/surrend_view': CMAKE_PREFIX_PATH=${CMAKE_PREFIX_PATH}:/home/tl/RV/install/yolo_detect:/home/tl/RV/install/webcamcalib:/home/tl/RV/install/marnav_vis:/home/tl/RV/install/camera_calibration:/home/tl/RV/install/ais_tools:/opt/ros/humble /usr/bin/cmake /home/tl/AVM_Ship/src/surrend_view -DCMAKE_INSTALL_PREFIX=/home/tl/AVM_Ship/install/surrend_view
[0.044s] -- The C compiler identification is GNU 11.4.0
[0.079s] -- The CXX compiler identification is GNU 11.4.0
[0.083s] -- Detecting C compiler ABI info
[0.132s] -- Detecting C compiler ABI info - done
[0.136s] -- Check for working C compiler: /usr/bin/cc - skipped
[0.136s] -- Detecting C compile features
[0.136s] -- Detecting C compile features - done
[0.138s] -- Detecting CXX compiler ABI info
[0.192s] -- Detecting CXX compiler ABI info - done
[0.196s] -- Check for working CXX compiler: /usr/bin/c++ - skipped
[0.196s] -- Detecting CXX compile features
[0.197s] -- Detecting CXX compile features - done
[0.198s] -- Found ament_cmake: 1.3.11 (/opt/ros/humble/share/ament_cmake/cmake)
[0.295s] -- Found Python3: /usr/bin/python3 (found version "3.10.12") found components: Interpreter 
[0.359s] -- Found rclcpp: 16.0.12 (/opt/ros/humble/share/rclcpp/cmake)
[0.388s] -- Found rosidl_generator_c: 3.1.6 (/opt/ros/humble/share/rosidl_generator_c/cmake)
[0.391s] -- Found rosidl_adapter: 3.1.6 (/opt/ros/humble/share/rosidl_adapter/cmake)
[0.397s] -- Found rosidl_generator_cpp: 3.1.6 (/opt/ros/humble/share/rosidl_generator_cpp/cmake)
[0.405s] -- Using all available rosidl_typesupport_c: rosidl_typesupport_fastrtps_c;rosidl_typesupport_introspection_c
[0.415s] -- Using all available rosidl_typesupport_cpp: rosidl_typesupport_fastrtps_cpp;rosidl_typesupport_introspection_cpp
[0.445s] -- Found rmw_implementation_cmake: 6.1.2 (/opt/ros/humble/share/rmw_implementation_cmake/cmake)
[0.447s] -- Found rmw_fastrtps_cpp: 6.2.7 (/opt/ros/humble/share/rmw_fastrtps_cpp/cmake)
[0.510s] -- Found OpenSSL: /usr/lib/x86_64-linux-gnu/libcrypto.so (found version "3.0.2")  
[0.527s] -- Found FastRTPS: /opt/ros/humble/include  
[0.555s] -- Using RMW implementation 'rmw_fastrtps_cpp' as default
[0.561s] -- Looking for pthread.h
[0.613s] -- Looking for pthread.h - found
[0.613s] -- Performing Test CMAKE_HAVE_LIBC_PTHREAD
[0.665s] -- Performing Test CMAKE_HAVE_LIBC_PTHREAD - Success
[0.666s] -- Found Threads: TRUE  
[0.696s] -- Found sensor_msgs: 4.9.0 (/opt/ros/humble/share/sensor_msgs/cmake)
[0.714s] -- Found cv_bridge: 3.2.1 (/opt/ros/humble/share/cv_bridge/cmake)
[0.731s] -- Found CUDA: /usr/local/cuda-11.8 (found suitable exact version "11.8") 
[0.739s] -- Found image_transport: 3.1.12 (/opt/ros/humble/share/image_transport/cmake)
[0.764s] -- Found OpenCV: /usr/local (found version "4.8.0") 
[0.771s] -- Found ament_lint_auto: 0.12.12 (/opt/ros/humble/share/ament_lint_auto/cmake)
[0.823s] -- Added test 'cppcheck' to perform static code analysis on C / C++ code
[0.823s] -- Configured cppcheck include dirs: $<BUILD_INTERFACE:/home/tl/AVM_Ship/src/surrend_view/include>
[0.823s] -- Configured cppcheck exclude dirs and/or files: 
[0.823s] -- Added test 'lint_cmake' to check CMake code style
[0.824s] -- Added test 'uncrustify' to check C / C++ code style
[0.824s] -- Configured uncrustify additional arguments: 
[0.824s] -- Added test 'xmllint' to check XML markup files
[0.825s] -- Configuring done
[0.837s] -- Generating done
[0.841s] -- Build files have been written to: /home/tl/AVM_Ship/build/surrend_view
[0.848s] Invoked command in '/home/tl/AVM_Ship/build/surrend_view' returned '0': CMAKE_PREFIX_PATH=${CMAKE_PREFIX_PATH}:/home/tl/RV/install/yolo_detect:/home/tl/RV/install/webcamcalib:/home/tl/RV/install/marnav_vis:/home/tl/RV/install/camera_calibration:/home/tl/RV/install/ais_tools:/opt/ros/humble /usr/bin/cmake /home/tl/AVM_Ship/src/surrend_view -DCMAKE_INSTALL_PREFIX=/home/tl/AVM_Ship/install/surrend_view
[0.849s] Invoking command in '/home/tl/AVM_Ship/build/surrend_view': CMAKE_PREFIX_PATH=${CMAKE_PREFIX_PATH}:/home/tl/RV/install/yolo_detect:/home/tl/RV/install/webcamcalib:/home/tl/RV/install/marnav_vis:/home/tl/RV/install/camera_calibration:/home/tl/RV/install/ais_tools:/opt/ros/humble /usr/bin/cmake --build /home/tl/AVM_Ship/build/surrend_view -- -j20 -l20
[0.883s] [ 25%] [32mBuilding CXX object CMakeFiles/multi_usb_camera_node.dir/src/multi_usb_camera_node.cpp.o[0m
[4.046s] [ 50%] [32m[1mLinking CXX shared library libmulti_usb_camera_node.so[0m
[4.184s] [ 50%] Built target multi_usb_camera_node
[4.202s] [ 75%] [32mBuilding CXX object CMakeFiles/multi_usb_camera_node_exec.dir/src/main.cpp.o[0m
[6.299s] [100%] [32m[1mLinking CXX executable multi_usb_camera_node_exec[0m
[6.562s] [100%] Built target multi_usb_camera_node_exec
[6.571s] Invoked command in '/home/tl/AVM_Ship/build/surrend_view' returned '0': CMAKE_PREFIX_PATH=${CMAKE_PREFIX_PATH}:/home/tl/RV/install/yolo_detect:/home/tl/RV/install/webcamcalib:/home/tl/RV/install/marnav_vis:/home/tl/RV/install/camera_calibration:/home/tl/RV/install/ais_tools:/opt/ros/humble /usr/bin/cmake --build /home/tl/AVM_Ship/build/surrend_view -- -j20 -l20
[6.578s] Invoking command in '/home/tl/AVM_Ship/build/surrend_view': CMAKE_PREFIX_PATH=${CMAKE_PREFIX_PATH}:/home/tl/RV/install/yolo_detect:/home/tl/RV/install/webcamcalib:/home/tl/RV/install/marnav_vis:/home/tl/RV/install/camera_calibration:/home/tl/RV/install/ais_tools:/opt/ros/humble /usr/bin/cmake --install /home/tl/AVM_Ship/build/surrend_view
[6.582s] -- Install configuration: ""
[6.582s] -- Installing: /home/tl/AVM_Ship/install/surrend_view/lib/libmulti_usb_camera_node.so
[6.583s] -- Set runtime path of "/home/tl/AVM_Ship/install/surrend_view/lib/libmulti_usb_camera_node.so" to ""
[6.583s] -- Installing: /home/tl/AVM_Ship/install/surrend_view/lib/surrend_view/multi_usb_camera_node_exec
[6.583s] -- Set runtime path of "/home/tl/AVM_Ship/install/surrend_view/lib/surrend_view/multi_usb_camera_node_exec" to ""
[6.583s] -- Installing: /home/tl/AVM_Ship/install/surrend_view/include/
[6.583s] -- Installing: /home/tl/AVM_Ship/install/surrend_view/include//surrend_view
[6.583s] -- Installing: /home/tl/AVM_Ship/install/surrend_view/include//surrend_view/multi_usb_camera_node.hpp
[6.583s] -- Installing: /home/tl/AVM_Ship/install/surrend_view/share/ament_index/resource_index/package_run_dependencies/surrend_view
[6.583s] -- Installing: /home/tl/AVM_Ship/install/surrend_view/share/ament_index/resource_index/parent_prefix_path/surrend_view
[6.583s] -- Installing: /home/tl/AVM_Ship/install/surrend_view/share/surrend_view/environment/ament_prefix_path.sh
[6.583s] -- Installing: /home/tl/AVM_Ship/install/surrend_view/share/surrend_view/environment/ament_prefix_path.dsv
[6.584s] -- Installing: /home/tl/AVM_Ship/install/surrend_view/share/surrend_view/environment/path.sh
[6.584s] -- Installing: /home/tl/AVM_Ship/install/surrend_view/share/surrend_view/environment/path.dsv
[6.584s] -- Installing: /home/tl/AVM_Ship/install/surrend_view/share/surrend_view/local_setup.bash
[6.584s] -- Installing: /home/tl/AVM_Ship/install/surrend_view/share/surrend_view/local_setup.sh
[6.584s] -- Installing: /home/tl/AVM_Ship/install/surrend_view/share/surrend_view/local_setup.zsh
[6.584s] -- Installing: /home/tl/AVM_Ship/install/surrend_view/share/surrend_view/local_setup.dsv
[6.584s] -- Installing: /home/tl/AVM_Ship/install/surrend_view/share/surrend_view/package.dsv
[6.584s] -- Installing: /home/tl/AVM_Ship/install/surrend_view/share/ament_index/resource_index/packages/surrend_view
[6.584s] -- Installing: /home/tl/AVM_Ship/install/surrend_view/share/surrend_view/cmake/surrend_viewConfig.cmake
[6.584s] -- Installing: /home/tl/AVM_Ship/install/surrend_view/share/surrend_view/cmake/surrend_viewConfig-version.cmake
[6.584s] -- Installing: /home/tl/AVM_Ship/install/surrend_view/share/surrend_view/package.xml
[6.585s] Invoked command in '/home/tl/AVM_Ship/build/surrend_view' returned '0': CMAKE_PREFIX_PATH=${CMAKE_PREFIX_PATH}:/home/tl/RV/install/yolo_detect:/home/tl/RV/install/webcamcalib:/home/tl/RV/install/marnav_vis:/home/tl/RV/install/camera_calibration:/home/tl/RV/install/ais_tools:/opt/ros/humble /usr/bin/cmake --install /home/tl/AVM_Ship/build/surrend_view
