[0.008s] Invoking command in '/home/tl/AVM_Ship/build/surrend_view': CMAKE_PREFIX_PATH=${CMAKE_PREFIX_PATH}:/home/tl/RV/install/yolo_detect:/home/tl/RV/install/webcamcalib:/home/tl/RV/install/marnav_vis:/home/tl/RV/install/camera_calibration:/home/tl/RV/install/ais_tools:/opt/ros/humble /usr/bin/cmake --build /home/tl/AVM_Ship/build/surrend_view -- -j20 -l20
[0.026s] -- Found ament_cmake: 1.3.11 (/opt/ros/humble/share/ament_cmake/cmake)
[0.102s] -- Found rclcpp: 16.0.12 (/opt/ros/humble/share/rclcpp/cmake)
[0.118s] -- Found rosidl_generator_c: 3.1.6 (/opt/ros/humble/share/rosidl_generator_c/cmake)
[0.120s] -- Found rosidl_adapter: 3.1.6 (/opt/ros/humble/share/rosidl_adapter/cmake)
[0.123s] -- Found rosidl_generator_cpp: 3.1.6 (/opt/ros/humble/share/rosidl_generator_cpp/cmake)
[0.128s] -- Using all available rosidl_typesupport_c: rosidl_typesupport_fastrtps_c;rosidl_typesupport_introspection_c
[0.135s] -- Using all available rosidl_typesupport_cpp: rosidl_typesupport_fastrtps_cpp;rosidl_typesupport_introspection_cpp
[0.154s] -- Found rmw_implementation_cmake: 6.1.2 (/opt/ros/humble/share/rmw_implementation_cmake/cmake)
[0.155s] -- Found rmw_fastrtps_cpp: 6.2.7 (/opt/ros/humble/share/rmw_fastrtps_cpp/cmake)
[0.218s] -- Using RMW implementation 'rmw_fastrtps_cpp' as default
[0.245s] -- Found sensor_msgs: 4.9.0 (/opt/ros/humble/share/sensor_msgs/cmake)
[0.260s] -- Found cv_bridge: 3.2.1 (/opt/ros/humble/share/cv_bridge/cmake)
[0.271s] -- Found image_transport: 3.1.12 (/opt/ros/humble/share/image_transport/cmake)
[0.289s] [31mCMake Error at CMakeLists.txt:57 (target_link_libraries):
[0.289s]   Target "image_saver_node" of type EXECUTABLE may not be linked into another
[0.289s]   target.  One may link only to INTERFACE, OBJECT, STATIC or SHARED
[0.289s]   libraries, or to executables with the ENABLE_EXPORTS property set.
[0.289s] 
[0.289s] [0m
[0.289s] [31mCMake Error at /opt/ros/humble/share/ament_cmake_target_dependencies/cmake/ament_target_dependencies.cmake:42 (message):
[0.289s]   ament_target_dependencies() the first argument must be a valid target name
[0.289s] Call Stack (most recent call first):
[0.289s]   CMakeLists.txt:62 (ament_target_dependencies)
[0.289s] 
[0.289s] [0m
[0.289s] -- Configuring incomplete, errors occurred!
[0.289s] See also "/home/tl/AVM_Ship/build/surrend_view/CMakeFiles/CMakeOutput.log".
[0.294s] gmake: *** [Makefile:308：cmake_check_build_system] 错误 1
[0.295s] Invoked command in '/home/tl/AVM_Ship/build/surrend_view' returned '2': CMAKE_PREFIX_PATH=${CMAKE_PREFIX_PATH}:/home/tl/RV/install/yolo_detect:/home/tl/RV/install/webcamcalib:/home/tl/RV/install/marnav_vis:/home/tl/RV/install/camera_calibration:/home/tl/RV/install/ais_tools:/opt/ros/humble /usr/bin/cmake --build /home/tl/AVM_Ship/build/surrend_view -- -j20 -l20
