[35m[1mConsolidate compiler generated dependencies of target multi_usb_camera_node[0m
[ 25%] [32mBuilding CXX object CMakeFiles/multi_usb_camera_node.dir/src/multi_usb_camera_node.cpp.o[0m
[ 50%] [32m[1mLinking CXX shared library libmulti_usb_camera_node.so[0m
[ 50%] Built target multi_usb_camera_node
[35m[1mConsolidate compiler generated dependencies of target multi_usb_camera_node_exec[0m
[ 75%] [32m[1mLinking CXX executable multi_usb_camera_node_exec[0m
[100%] Built target multi_usb_camera_node_exec
-- Install configuration: ""
-- Installing: /home/tl/AVM_Ship/install/surrend_view/lib/libmulti_usb_camera_node.so
-- Set runtime path of "/home/tl/AVM_Ship/install/surrend_view/lib/libmulti_usb_camera_node.so" to ""
-- Installing: /home/tl/AVM_Ship/install/surrend_view/lib/surrend_view/multi_usb_camera_node_exec
-- Set runtime path of "/home/tl/AVM_Ship/install/surrend_view/lib/surrend_view/multi_usb_camera_node_exec" to ""
-- Up-to-date: /home/tl/AVM_Ship/install/surrend_view/include/
-- Up-to-date: /home/tl/AVM_Ship/install/surrend_view/include//surrend_view
-- Up-to-date: /home/tl/AVM_Ship/install/surrend_view/include//surrend_view/multi_usb_camera_node.hpp
-- Up-to-date: /home/tl/AVM_Ship/install/surrend_view/share/ament_index/resource_index/package_run_dependencies/surrend_view
-- Up-to-date: /home/tl/AVM_Ship/install/surrend_view/share/ament_index/resource_index/parent_prefix_path/surrend_view
-- Up-to-date: /home/tl/AVM_Ship/install/surrend_view/share/surrend_view/environment/ament_prefix_path.sh
-- Up-to-date: /home/tl/AVM_Ship/install/surrend_view/share/surrend_view/environment/ament_prefix_path.dsv
-- Up-to-date: /home/tl/AVM_Ship/install/surrend_view/share/surrend_view/environment/path.sh
-- Up-to-date: /home/tl/AVM_Ship/install/surrend_view/share/surrend_view/environment/path.dsv
-- Up-to-date: /home/tl/AVM_Ship/install/surrend_view/share/surrend_view/local_setup.bash
-- Up-to-date: /home/tl/AVM_Ship/install/surrend_view/share/surrend_view/local_setup.sh
-- Up-to-date: /home/tl/AVM_Ship/install/surrend_view/share/surrend_view/local_setup.zsh
-- Up-to-date: /home/tl/AVM_Ship/install/surrend_view/share/surrend_view/local_setup.dsv
-- Installing: /home/tl/AVM_Ship/install/surrend_view/share/surrend_view/package.dsv
-- Up-to-date: /home/tl/AVM_Ship/install/surrend_view/share/ament_index/resource_index/packages/surrend_view
-- Up-to-date: /home/tl/AVM_Ship/install/surrend_view/share/surrend_view/cmake/surrend_viewConfig.cmake
-- Up-to-date: /home/tl/AVM_Ship/install/surrend_view/share/surrend_view/cmake/surrend_viewConfig-version.cmake
-- Up-to-date: /home/tl/AVM_Ship/install/surrend_view/share/surrend_view/package.xml
