[0.056s] DEBUG:colcon:Command line arguments: ['/usr/bin/colcon', 'build']
[0.056s] DEBUG:colcon:Parsed command line arguments: Namespace(log_base=None, log_level=None, verb_name='build', build_base='build', install_base='install', merge_install=False, symlink_install=False, test_result_base=None, continue_on_error=False, executor='parallel', parallel_workers=20, event_handlers=None, ignore_user_meta=False, metas=['./colcon.meta'], base_paths=['.'], packages_ignore=None, packages_ignore_regex=None, paths=None, packages_up_to=None, packages_up_to_regex=None, packages_above=None, packages_above_and_dependencies=None, packages_above_depth=None, packages_select_by_dep=None, packages_skip_by_dep=None, packages_skip_up_to=None, packages_select_build_failed=False, packages_skip_build_finished=False, packages_select_test_failures=False, packages_skip_test_passed=False, packages_select=None, packages_skip=None, packages_select_regex=None, packages_skip_regex=None, packages_start=None, packages_end=None, allow_overriding=[], cmake_args=None, cmake_target=None, cmake_target_skip_unavailable=False, cmake_clean_cache=False, cmake_clean_first=False, cmake_force_configure=False, ament_cmake_args=None, catkin_cmake_args=None, catkin_skip_building_tests=False, verb_parser=<colcon_defaults.argument_parser.defaults.DefaultArgumentsDecorator object at 0x76d3a88355d0>, verb_extension=<colcon_core.verb.build.BuildVerb object at 0x76d3a895ea40>, main=<bound method BuildVerb.main of <colcon_core.verb.build.BuildVerb object at 0x76d3a895ea40>>)
[0.137s] Level 1:colcon.colcon_core.package_discovery:discover_packages(colcon_meta) check parameters
[0.137s] Level 1:colcon.colcon_core.package_discovery:discover_packages(recursive) check parameters
[0.137s] Level 1:colcon.colcon_core.package_discovery:discover_packages(ignore) check parameters
[0.137s] Level 1:colcon.colcon_core.package_discovery:discover_packages(path) check parameters
[0.137s] Level 1:colcon.colcon_core.package_discovery:discover_packages(colcon_meta) discover
[0.137s] Level 1:colcon.colcon_core.package_discovery:discover_packages(recursive) discover
[0.137s] INFO:colcon.colcon_core.package_discovery:Crawling recursively for packages in '/home/tl/AVM_Ship'
[0.137s] Level 1:colcon.colcon_core.package_identification:_identify(.) by extensions ['ignore', 'ignore_ament_install']
[0.137s] Level 1:colcon.colcon_core.package_identification:_identify(.) by extension 'ignore'
[0.138s] Level 1:colcon.colcon_core.package_identification:_identify(.) by extension 'ignore_ament_install'
[0.138s] Level 1:colcon.colcon_core.package_identification:_identify(.) by extensions ['colcon_pkg']
[0.138s] Level 1:colcon.colcon_core.package_identification:_identify(.) by extension 'colcon_pkg'
[0.138s] Level 1:colcon.colcon_core.package_identification:_identify(.) by extensions ['colcon_meta']
[0.138s] Level 1:colcon.colcon_core.package_identification:_identify(.) by extension 'colcon_meta'
[0.138s] Level 1:colcon.colcon_core.package_identification:_identify(.) by extensions ['ros']
[0.138s] Level 1:colcon.colcon_core.package_identification:_identify(.) by extension 'ros'
[0.144s] Level 1:colcon.colcon_core.package_identification:_identify(.) by extensions ['cmake', 'python']
[0.144s] Level 1:colcon.colcon_core.package_identification:_identify(.) by extension 'cmake'
[0.144s] Level 1:colcon.colcon_core.package_identification:_identify(.) by extension 'python'
[0.144s] Level 1:colcon.colcon_core.package_identification:_identify(.) by extensions ['python_setup_py']
[0.144s] Level 1:colcon.colcon_core.package_identification:_identify(.) by extension 'python_setup_py'
[0.144s] Level 1:colcon.colcon_core.package_identification:_identify(build) by extensions ['ignore', 'ignore_ament_install']
[0.144s] Level 1:colcon.colcon_core.package_identification:_identify(build) by extension 'ignore'
[0.144s] Level 1:colcon.colcon_core.package_identification:_identify(build) ignored
[0.144s] Level 1:colcon.colcon_core.package_identification:_identify(install) by extensions ['ignore', 'ignore_ament_install']
[0.144s] Level 1:colcon.colcon_core.package_identification:_identify(install) by extension 'ignore'
[0.144s] Level 1:colcon.colcon_core.package_identification:_identify(install) ignored
[0.144s] Level 1:colcon.colcon_core.package_identification:_identify(log) by extensions ['ignore', 'ignore_ament_install']
[0.144s] Level 1:colcon.colcon_core.package_identification:_identify(log) by extension 'ignore'
[0.144s] Level 1:colcon.colcon_core.package_identification:_identify(log) ignored
[0.144s] Level 1:colcon.colcon_core.package_identification:_identify(src) by extensions ['ignore', 'ignore_ament_install']
[0.144s] Level 1:colcon.colcon_core.package_identification:_identify(src) by extension 'ignore'
[0.144s] Level 1:colcon.colcon_core.package_identification:_identify(src) by extension 'ignore_ament_install'
[0.144s] Level 1:colcon.colcon_core.package_identification:_identify(src) by extensions ['colcon_pkg']
[0.144s] Level 1:colcon.colcon_core.package_identification:_identify(src) by extension 'colcon_pkg'
[0.144s] Level 1:colcon.colcon_core.package_identification:_identify(src) by extensions ['colcon_meta']
[0.144s] Level 1:colcon.colcon_core.package_identification:_identify(src) by extension 'colcon_meta'
[0.144s] Level 1:colcon.colcon_core.package_identification:_identify(src) by extensions ['ros']
[0.144s] Level 1:colcon.colcon_core.package_identification:_identify(src) by extension 'ros'
[0.145s] Level 1:colcon.colcon_core.package_identification:_identify(src) by extensions ['cmake', 'python']
[0.145s] Level 1:colcon.colcon_core.package_identification:_identify(src) by extension 'cmake'
[0.145s] Level 1:colcon.colcon_core.package_identification:_identify(src) by extension 'python'
[0.145s] Level 1:colcon.colcon_core.package_identification:_identify(src) by extensions ['python_setup_py']
[0.145s] Level 1:colcon.colcon_core.package_identification:_identify(src) by extension 'python_setup_py'
[0.145s] Level 1:colcon.colcon_core.package_identification:_identify(src/surrend_view) by extensions ['ignore', 'ignore_ament_install']
[0.145s] Level 1:colcon.colcon_core.package_identification:_identify(src/surrend_view) by extension 'ignore'
[0.145s] Level 1:colcon.colcon_core.package_identification:_identify(src/surrend_view) by extension 'ignore_ament_install'
[0.145s] Level 1:colcon.colcon_core.package_identification:_identify(src/surrend_view) by extensions ['colcon_pkg']
[0.145s] Level 1:colcon.colcon_core.package_identification:_identify(src/surrend_view) by extension 'colcon_pkg'
[0.145s] Level 1:colcon.colcon_core.package_identification:_identify(src/surrend_view) by extensions ['colcon_meta']
[0.145s] Level 1:colcon.colcon_core.package_identification:_identify(src/surrend_view) by extension 'colcon_meta'
[0.145s] Level 1:colcon.colcon_core.package_identification:_identify(src/surrend_view) by extensions ['ros']
[0.145s] Level 1:colcon.colcon_core.package_identification:_identify(src/surrend_view) by extension 'ros'
[0.146s] DEBUG:colcon.colcon_core.package_identification:Package 'src/surrend_view' with type 'ros.ament_cmake' and name 'surrend_view'
[0.146s] Level 1:colcon.colcon_core.package_discovery:discover_packages(recursive) using defaults
[0.146s] Level 1:colcon.colcon_core.package_discovery:discover_packages(ignore) discover
[0.146s] Level 1:colcon.colcon_core.package_discovery:discover_packages(ignore) using defaults
[0.146s] Level 1:colcon.colcon_core.package_discovery:discover_packages(path) discover
[0.146s] Level 1:colcon.colcon_core.package_discovery:discover_packages(path) using defaults
[0.158s] Level 1:colcon.colcon_core.package_discovery:discover_packages(prefix_path) check parameters
[0.158s] Level 1:colcon.colcon_core.package_discovery:discover_packages(prefix_path) discover
[0.159s] DEBUG:colcon.colcon_installed_package_information.package_discovery:Found 1 installed packages in /home/tl/AVM_Ship/install
[0.160s] DEBUG:colcon.colcon_installed_package_information.package_discovery:Found 20 installed packages in /home/tl/RV/install
[0.165s] DEBUG:colcon.colcon_installed_package_information.package_discovery:Found 285 installed packages in /opt/ros/humble
[0.166s] Level 1:colcon.colcon_core.package_discovery:discover_packages(prefix_path) using defaults
[0.185s] Level 5:colcon.colcon_core.verb:set package 'surrend_view' build argument 'cmake_args' from command line to 'None'
[0.185s] Level 5:colcon.colcon_core.verb:set package 'surrend_view' build argument 'cmake_target' from command line to 'None'
[0.185s] Level 5:colcon.colcon_core.verb:set package 'surrend_view' build argument 'cmake_target_skip_unavailable' from command line to 'False'
[0.185s] Level 5:colcon.colcon_core.verb:set package 'surrend_view' build argument 'cmake_clean_cache' from command line to 'False'
[0.185s] Level 5:colcon.colcon_core.verb:set package 'surrend_view' build argument 'cmake_clean_first' from command line to 'False'
[0.185s] Level 5:colcon.colcon_core.verb:set package 'surrend_view' build argument 'cmake_force_configure' from command line to 'False'
[0.185s] Level 5:colcon.colcon_core.verb:set package 'surrend_view' build argument 'ament_cmake_args' from command line to 'None'
[0.185s] Level 5:colcon.colcon_core.verb:set package 'surrend_view' build argument 'catkin_cmake_args' from command line to 'None'
[0.185s] Level 5:colcon.colcon_core.verb:set package 'surrend_view' build argument 'catkin_skip_building_tests' from command line to 'False'
[0.185s] DEBUG:colcon.colcon_core.verb:Building package 'surrend_view' with the following arguments: {'ament_cmake_args': None, 'build_base': '/home/tl/AVM_Ship/build/surrend_view', 'catkin_cmake_args': None, 'catkin_skip_building_tests': False, 'cmake_args': None, 'cmake_clean_cache': False, 'cmake_clean_first': False, 'cmake_force_configure': False, 'cmake_target': None, 'cmake_target_skip_unavailable': False, 'install_base': '/home/tl/AVM_Ship/install/surrend_view', 'merge_install': False, 'path': '/home/tl/AVM_Ship/src/surrend_view', 'symlink_install': False, 'test_result_base': None}
[0.185s] INFO:colcon.colcon_core.executor:Executing jobs using 'parallel' executor
[0.185s] DEBUG:colcon.colcon_parallel_executor.executor.parallel:run_until_complete
[0.185s] INFO:colcon.colcon_ros.task.ament_cmake.build:Building ROS package in '/home/tl/AVM_Ship/src/surrend_view' with build type 'ament_cmake'
[0.185s] INFO:colcon.colcon_cmake.task.cmake.build:Building CMake package in '/home/tl/AVM_Ship/src/surrend_view'
[0.187s] INFO:colcon.colcon_core.plugin_system:Skipping extension 'colcon_core.shell.bat': Not used on non-Windows systems
[0.187s] INFO:colcon.colcon_core.shell:Skip shell extension 'powershell' for command environment: Not usable outside of PowerShell
[0.187s] DEBUG:colcon.colcon_core.shell:Skip shell extension 'dsv' for command environment
[0.195s] DEBUG:colcon.colcon_core.event_handler.log_command:Invoking command in '/home/tl/AVM_Ship/build/surrend_view': CMAKE_PREFIX_PATH=${CMAKE_PREFIX_PATH}:/home/tl/RV/install/yolo_detect:/home/tl/RV/install/webcamcalib:/home/tl/RV/install/marnav_vis:/home/tl/RV/install/camera_calibration:/home/tl/RV/install/ais_tools:/opt/ros/humble /usr/bin/cmake --build /home/tl/AVM_Ship/build/surrend_view -- -j20 -l20
[5.562s] DEBUG:colcon.colcon_core.event_handler.log_command:Invoked command in '/home/tl/AVM_Ship/build/surrend_view' returned '0': CMAKE_PREFIX_PATH=${CMAKE_PREFIX_PATH}:/home/tl/RV/install/yolo_detect:/home/tl/RV/install/webcamcalib:/home/tl/RV/install/marnav_vis:/home/tl/RV/install/camera_calibration:/home/tl/RV/install/ais_tools:/opt/ros/humble /usr/bin/cmake --build /home/tl/AVM_Ship/build/surrend_view -- -j20 -l20
[5.569s] DEBUG:colcon.colcon_core.event_handler.log_command:Invoking command in '/home/tl/AVM_Ship/build/surrend_view': CMAKE_PREFIX_PATH=${CMAKE_PREFIX_PATH}:/home/tl/RV/install/yolo_detect:/home/tl/RV/install/webcamcalib:/home/tl/RV/install/marnav_vis:/home/tl/RV/install/camera_calibration:/home/tl/RV/install/ais_tools:/opt/ros/humble /usr/bin/cmake --install /home/tl/AVM_Ship/build/surrend_view
[5.579s] Level 1:colcon.colcon_core.environment:create_environment_scripts_only(surrend_view)
[5.579s] DEBUG:colcon.colcon_core.event_handler.log_command:Invoked command in '/home/tl/AVM_Ship/build/surrend_view' returned '0': CMAKE_PREFIX_PATH=${CMAKE_PREFIX_PATH}:/home/tl/RV/install/yolo_detect:/home/tl/RV/install/webcamcalib:/home/tl/RV/install/marnav_vis:/home/tl/RV/install/camera_calibration:/home/tl/RV/install/ais_tools:/opt/ros/humble /usr/bin/cmake --install /home/tl/AVM_Ship/build/surrend_view
[5.580s] Level 1:colcon.colcon_core.environment:checking '/home/tl/AVM_Ship/install/surrend_view' for CMake module files
[5.581s] Level 1:colcon.colcon_core.environment:checking '/home/tl/AVM_Ship/install/surrend_view' for CMake config files
[5.581s] Level 1:colcon.colcon_core.shell:create_environment_hook('surrend_view', 'cmake_prefix_path')
[5.581s] INFO:colcon.colcon_core.shell:Creating environment hook '/home/tl/AVM_Ship/install/surrend_view/share/surrend_view/hook/cmake_prefix_path.ps1'
[5.581s] INFO:colcon.colcon_core.shell:Creating environment descriptor '/home/tl/AVM_Ship/install/surrend_view/share/surrend_view/hook/cmake_prefix_path.dsv'
[5.582s] INFO:colcon.colcon_core.shell:Creating environment hook '/home/tl/AVM_Ship/install/surrend_view/share/surrend_view/hook/cmake_prefix_path.sh'
[5.582s] Level 1:colcon.colcon_core.environment:checking '/home/tl/AVM_Ship/install/surrend_view/lib'
[5.582s] Level 1:colcon.colcon_core.shell:create_environment_hook('surrend_view', 'ld_library_path_lib')
[5.582s] INFO:colcon.colcon_core.shell:Creating environment hook '/home/tl/AVM_Ship/install/surrend_view/share/surrend_view/hook/ld_library_path_lib.ps1'
[5.582s] INFO:colcon.colcon_core.shell:Creating environment descriptor '/home/tl/AVM_Ship/install/surrend_view/share/surrend_view/hook/ld_library_path_lib.dsv'
[5.583s] INFO:colcon.colcon_core.shell:Creating environment hook '/home/tl/AVM_Ship/install/surrend_view/share/surrend_view/hook/ld_library_path_lib.sh'
[5.583s] Level 1:colcon.colcon_core.environment:checking '/home/tl/AVM_Ship/install/surrend_view/bin'
[5.583s] Level 1:colcon.colcon_core.environment:checking '/home/tl/AVM_Ship/install/surrend_view/lib/pkgconfig/surrend_view.pc'
[5.583s] Level 1:colcon.colcon_core.environment:checking '/home/tl/AVM_Ship/install/surrend_view/lib/python3.10/site-packages'
[5.583s] Level 1:colcon.colcon_core.environment:checking '/home/tl/AVM_Ship/install/surrend_view/bin'
[5.583s] INFO:colcon.colcon_core.shell:Creating package script '/home/tl/AVM_Ship/install/surrend_view/share/surrend_view/package.ps1'
[5.584s] INFO:colcon.colcon_core.shell:Creating package descriptor '/home/tl/AVM_Ship/install/surrend_view/share/surrend_view/package.dsv'
[5.584s] INFO:colcon.colcon_core.shell:Creating package script '/home/tl/AVM_Ship/install/surrend_view/share/surrend_view/package.sh'
[5.584s] INFO:colcon.colcon_core.shell:Creating package script '/home/tl/AVM_Ship/install/surrend_view/share/surrend_view/package.bash'
[5.585s] INFO:colcon.colcon_core.shell:Creating package script '/home/tl/AVM_Ship/install/surrend_view/share/surrend_view/package.zsh'
[5.585s] Level 1:colcon.colcon_core.environment:create_file_with_runtime_dependencies(/home/tl/AVM_Ship/install/surrend_view/share/colcon-core/packages/surrend_view)
[5.585s] Level 1:colcon.colcon_core.environment:create_environment_scripts_only(surrend_view)
[5.585s] Level 1:colcon.colcon_core.environment:checking '/home/tl/AVM_Ship/install/surrend_view' for CMake module files
[5.586s] Level 1:colcon.colcon_core.environment:checking '/home/tl/AVM_Ship/install/surrend_view' for CMake config files
[5.586s] Level 1:colcon.colcon_core.shell:create_environment_hook('surrend_view', 'cmake_prefix_path')
[5.586s] INFO:colcon.colcon_core.shell:Creating environment hook '/home/tl/AVM_Ship/install/surrend_view/share/surrend_view/hook/cmake_prefix_path.ps1'
[5.586s] INFO:colcon.colcon_core.shell:Creating environment descriptor '/home/tl/AVM_Ship/install/surrend_view/share/surrend_view/hook/cmake_prefix_path.dsv'
[5.586s] INFO:colcon.colcon_core.shell:Creating environment hook '/home/tl/AVM_Ship/install/surrend_view/share/surrend_view/hook/cmake_prefix_path.sh'
[5.587s] Level 1:colcon.colcon_core.environment:checking '/home/tl/AVM_Ship/install/surrend_view/lib'
[5.587s] Level 1:colcon.colcon_core.shell:create_environment_hook('surrend_view', 'ld_library_path_lib')
[5.587s] INFO:colcon.colcon_core.shell:Creating environment hook '/home/tl/AVM_Ship/install/surrend_view/share/surrend_view/hook/ld_library_path_lib.ps1'
[5.587s] INFO:colcon.colcon_core.shell:Creating environment descriptor '/home/tl/AVM_Ship/install/surrend_view/share/surrend_view/hook/ld_library_path_lib.dsv'
[5.587s] INFO:colcon.colcon_core.shell:Creating environment hook '/home/tl/AVM_Ship/install/surrend_view/share/surrend_view/hook/ld_library_path_lib.sh'
[5.587s] Level 1:colcon.colcon_core.environment:checking '/home/tl/AVM_Ship/install/surrend_view/bin'
[5.587s] Level 1:colcon.colcon_core.environment:checking '/home/tl/AVM_Ship/install/surrend_view/lib/pkgconfig/surrend_view.pc'
[5.587s] Level 1:colcon.colcon_core.environment:checking '/home/tl/AVM_Ship/install/surrend_view/lib/python3.10/site-packages'
[5.587s] Level 1:colcon.colcon_core.environment:checking '/home/tl/AVM_Ship/install/surrend_view/bin'
[5.588s] INFO:colcon.colcon_core.shell:Creating package script '/home/tl/AVM_Ship/install/surrend_view/share/surrend_view/package.ps1'
[5.588s] INFO:colcon.colcon_core.shell:Creating package descriptor '/home/tl/AVM_Ship/install/surrend_view/share/surrend_view/package.dsv'
[5.588s] INFO:colcon.colcon_core.shell:Creating package script '/home/tl/AVM_Ship/install/surrend_view/share/surrend_view/package.sh'
[5.588s] INFO:colcon.colcon_core.shell:Creating package script '/home/tl/AVM_Ship/install/surrend_view/share/surrend_view/package.bash'
[5.588s] INFO:colcon.colcon_core.shell:Creating package script '/home/tl/AVM_Ship/install/surrend_view/share/surrend_view/package.zsh'
[5.589s] Level 1:colcon.colcon_core.environment:create_file_with_runtime_dependencies(/home/tl/AVM_Ship/install/surrend_view/share/colcon-core/packages/surrend_view)
[5.589s] DEBUG:colcon.colcon_parallel_executor.executor.parallel:closing loop
[5.589s] DEBUG:colcon.colcon_parallel_executor.executor.parallel:loop closed
[5.589s] DEBUG:colcon.colcon_parallel_executor.executor.parallel:run_until_complete finished with '0'
[5.589s] DEBUG:colcon.colcon_core.event_reactor:joining thread
[5.592s] INFO:colcon.colcon_core.plugin_system:Skipping extension 'colcon_notification.desktop_notification.terminal_notifier': Not used on non-Darwin systems
[5.592s] INFO:colcon.colcon_core.plugin_system:Skipping extension 'colcon_notification.desktop_notification.win32': Not used on non-Windows systems
[5.592s] INFO:colcon.colcon_notification.desktop_notification:Sending desktop notification using 'notify2'
[5.599s] DEBUG:colcon.colcon_core.event_reactor:joined thread
[5.599s] INFO:colcon.colcon_core.shell:Creating prefix script '/home/tl/AVM_Ship/install/local_setup.ps1'
[5.600s] INFO:colcon.colcon_core.shell:Creating prefix util module '/home/tl/AVM_Ship/install/_local_setup_util_ps1.py'
[5.601s] INFO:colcon.colcon_core.shell:Creating prefix chain script '/home/tl/AVM_Ship/install/setup.ps1'
[5.602s] INFO:colcon.colcon_core.shell:Creating prefix script '/home/tl/AVM_Ship/install/local_setup.sh'
[5.602s] INFO:colcon.colcon_core.shell:Creating prefix util module '/home/tl/AVM_Ship/install/_local_setup_util_sh.py'
[5.602s] INFO:colcon.colcon_core.shell:Creating prefix chain script '/home/tl/AVM_Ship/install/setup.sh'
[5.603s] INFO:colcon.colcon_core.shell:Creating prefix script '/home/tl/AVM_Ship/install/local_setup.bash'
[5.603s] INFO:colcon.colcon_core.shell:Creating prefix chain script '/home/tl/AVM_Ship/install/setup.bash'
[5.604s] INFO:colcon.colcon_core.shell:Creating prefix script '/home/tl/AVM_Ship/install/local_setup.zsh'
[5.604s] INFO:colcon.colcon_core.shell:Creating prefix chain script '/home/tl/AVM_Ship/install/setup.zsh'
